# JRE version: OpenJDK Runtime Environment Temurin-22.0.2+9 (22.0.2+9) (build 22.0.2+9)
# Java VM: OpenJDK 64-Bit Server VM Temurin-22.0.2+9 (22.0.2+9, mixed mode, tiered, compressed oops, compressed class ptrs, g1 gc, windows-amd64)
GC Precious Log:
 CardTable entry size: 512
 Card Set container configuration: InlinePtr #cards 4 size 8 Array Of Cards #cards 16 size 48 Howl #buckets 8 coarsen threshold 3686 Howl Bitmap #cards 512 size 80 coarsen threshold 460 Card regions per heap region 1 cards per card region 4096
 CPUs: 16 total, 16 available
 Memory: 16110M
 Large Page Support: Disabled
 NUMA Support: Disabled
 Compressed Oops: Enabled (Zero based)
 Heap Region Size: 2M
 Heap Min Capacity: 8M
 Heap Initial Capacity: 252M
 Heap Max Capacity: 4028M
 Pre-touch: Disabled
 Parallel Workers: 13
 Concurrent Workers: 3
 Concurrent Refinement Workers: 13
 Periodic GC: Disabled
Heap:
 garbage-first heap   total reserved 4124672K, committed 516096K, used 98243K [0x0000000704400000, 0x0000000800000000)
  region size 2048K, 12 young (24576K), 12 survivors (24576K)
 Metaspace       used 8628K, committed 8832K, reserved 1114112K
  class space    used 731K, committed 832K, reserved 1048576K
GC Heap History (19 events):
Event: 0.393 GC heap before
{Heap before GC invocations=0 (full 0):
 garbage-first heap   total reserved 4124672K, committed 258048K, used 24576K [0x0000000704400000, 0x0000000800000000)
  region size 2048K, 12 young (24576K), 0 survivors (0K)
 Metaspace       used 8523K, committed 8704K, reserved 1114112K
  class space    used 731K, committed 832K, reserved 1048576K
}
Event: 0.396 GC heap after
{Heap after GC invocations=1 (full 0):
 garbage-first heap   total reserved 4124672K, committed 258048K, used 1843K [0x0000000704400000, 0x0000000800000000)
  region size 2048K, 1 young (2048K), 1 survivors (2048K)
 Metaspace       used 8523K, committed 8704K, reserved 1114112K
  class space    used 731K, committed 832K, reserved 1048576K
}
Event: 0.471 GC heap before
{Heap before GC invocations=1 (full 0):
 garbage-first heap   total reserved 4124672K, committed 258048K, used 46899K [0x0000000704400000, 0x0000000800000000)
  region size 2048K, 23 young (47104K), 1 survivors (2048K)
 Metaspace       used 8565K, committed 8768K, reserved 1114112K
  class space    used 731K, committed 832K, reserved 1048576K
}
Event: 0.475 GC heap after
{Heap after GC invocations=2 (full 0):
 garbage-first heap   total reserved 4124672K, committed 258048K, used 3151K [0x0000000704400000, 0x0000000800000000)
  region size 2048K, 2 young (4096K), 2 survivors (4096K)
 Metaspace       used 8565K, committed 8768K, reserved 1114112K
  class space    used 731K, committed 832K, reserved 1048576K
}
Event: 0.687 GC heap before
{Heap before GC invocations=2 (full 0):
 garbage-first heap   total reserved 4124672K, committed 258048K, used 150607K [0x0000000704400000, 0x0000000800000000)
  region size 2048K, 75 young (153600K), 2 survivors (4096K)
 Metaspace       used 8625K, committed 8832K, reserved 1114112K
  class space    used 731K, committed 832K, reserved 1048576K
}
Event: 0.696 GC heap after
{Heap after GC invocations=3 (full 0):
 garbage-first heap   total reserved 4124672K, committed 258048K, used 7972K [0x0000000704400000, 0x0000000800000000)
  region size 2048K, 4 young (8192K), 4 survivors (8192K)
 Metaspace       used 8625K, committed 8832K, reserved 1114112K
  class space    used 731K, committed 832K, reserved 1048576K
}
Event: 0.801 GC heap before
{Heap before GC invocations=3 (full 0):
 garbage-first heap   total reserved 4124672K, committed 258048K, used 157476K [0x0000000704400000, 0x0000000800000000)
  region size 2048K, 75 young (153600K), 4 survivors (8192K)
 Metaspace       used 8628K, committed 8832K, reserved 1114112K
  class space    used 731K, committed 832K, reserved 1048576K
}
Event: 0.812 GC heap after
{Heap after GC invocations=4 (full 0):
 garbage-first heap   total reserved 4124672K, committed 258048K, used 14507K [0x0000000704400000, 0x0000000800000000)
  region size 2048K, 6 young (12288K), 6 survivors (12288K)
 Metaspace       used 8628K, committed 8832K, reserved 1114112K
  class space    used 731K, committed 832K, reserved 1048576K
}
Event: 0.941 GC heap before
{Heap before GC invocations=4 (full 0):
 garbage-first heap   total reserved 4124672K, committed 258048K, used 164011K [0x0000000704400000, 0x0000000800000000)
  region size 2048K, 75 young (153600K), 6 survivors (12288K)
 Metaspace       used 8628K, committed 8832K, reserved 1114112K
  class space    used 731K, committed 832K, reserved 1048576K
}
Event: 0.970 GC heap after
{Heap after GC invocations=5 (full 0):
 garbage-first heap   total reserved 4124672K, committed 258048K, used 26624K [0x0000000704400000, 0x0000000800000000)
  region size 2048K, 7 young (14336K), 7 survivors (14336K)
 Metaspace       used 8628K, committed 8832K, reserved 1114112K
  class space    used 731K, committed 832K, reserved 1048576K
}
Event: 1.114 GC heap before
{Heap before GC invocations=5 (full 0):
 garbage-first heap   total reserved 4124672K, committed 258048K, used 165888K [0x0000000704400000, 0x0000000800000000)
  region size 2048K, 75 young (153600K), 7 survivors (14336K)
 Metaspace       used 8628K, committed 8832K, reserved 1114112K
  class space    used 731K, committed 832K, reserved 1048576K
}
Event: 1.136 GC heap after
{Heap after GC invocations=6 (full 0):
 garbage-first heap   total reserved 4124672K, committed 516096K, used 30978K [0x0000000704400000, 0x0000000800000000)
  region size 2048K, 6 young (12288K), 6 survivors (12288K)
 Metaspace       used 8628K, committed 8832K, reserved 1114112K
  class space    used 731K, committed 832K, reserved 1048576K
}
Event: 1.491 GC heap before
{Heap before GC invocations=6 (full 0):
 garbage-first heap   total reserved 4124672K, committed 516096K, used 336130K [0x0000000704400000, 0x0000000800000000)
  region size 2048K, 151 young (309248K), 6 survivors (12288K)
 Metaspace       used 8628K, committed 8832K, reserved 1114112K
  class space    used 731K, committed 832K, reserved 1048576K
}
Event: 1.520 GC heap after
{Heap after GC invocations=7 (full 0):
 garbage-first heap   total reserved 4124672K, committed 516096K, used 45314K [0x0000000704400000, 0x0000000800000000)
  region size 2048K, 9 young (18432K), 9 survivors (18432K)
 Metaspace       used 8628K, committed 8832K, reserved 1114112K
  class space    used 731K, committed 832K, reserved 1048576K
}
Event: 1.765 GC heap before
{Heap before GC invocations=7 (full 0):
 garbage-first heap   total reserved 4124672K, committed 516096K, used 348418K [0x0000000704400000, 0x0000000800000000)
  region size 2048K, 151 young (309248K), 9 survivors (18432K)
 Metaspace       used 8628K, committed 8832K, reserved 1114112K
  class space    used 731K, committed 832K, reserved 1048576K
}
Event: 1.804 GC heap after
{Heap after GC invocations=8 (full 0):
 garbage-first heap   total reserved 4124672K, committed 516096K, used 66584K [0x0000000704400000, 0x0000000800000000)
  region size 2048K, 14 young (28672K), 14 survivors (28672K)
 Metaspace       used 8628K, committed 8832K, reserved 1114112K
  class space    used 731K, committed 832K, reserved 1048576K
}
Event: 2.040 GC heap before
{Heap before GC invocations=8 (full 0):
 garbage-first heap   total reserved 4124672K, committed 516096K, used 347160K [0x0000000704400000, 0x0000000800000000)
  region size 2048K, 151 young (309248K), 14 survivors (28672K)
 Metaspace       used 8628K, committed 8832K, reserved 1114112K
  class space    used 731K, committed 832K, reserved 1048576K
}
Event: 2.082 GC heap after
{Heap after GC invocations=9 (full 0):
 garbage-first heap   total reserved 4124672K, committed 516096K, used 73325K [0x0000000704400000, 0x0000000800000000)
  region size 2048K, 14 young (28672K), 14 survivors (28672K)
 Metaspace       used 8628K, committed 8832K, reserved 1114112K
  class space    used 731K, committed 832K, reserved 1048576K
}
Event: 2.349 GC heap before
{Heap before GC invocations=9 (full 0):
 garbage-first heap   total reserved 4124672K, committed 516096K, used 370285K [0x0000000704400000, 0x0000000800000000)
  region size 2048K, 151 young (309248K), 14 survivors (28672K)
 Metaspace       used 8628K, committed 8832K, reserved 1114112K
  class space    used 731K, committed 832K, reserved 1048576K
}

