# JRE version: OpenJDK Runtime Environment Temurin-22.0.2+9 (22.0.2+9) (build 22.0.2+9)
# Java VM: OpenJDK 64-Bit Server VM Temurin-22.0.2+9 (22.0.2+9, mixed mode, tiered, compressed oops, compressed class ptrs, g1 gc, windows-amd64)
GC Precious Log:
 CardTable entry size: 512
 Card Set container configuration: InlinePtr #cards 4 size 8 Array Of Cards #cards 16 size 48 Howl #buckets 8 coarsen threshold 3686 Howl Bitmap #cards 512 size 80 coarsen threshold 460 Card regions per heap region 1 cards per card region 4096
 CPUs: 16 total, 16 available
 Memory: 16110M
 Large Page Support: Disabled
 NUMA Support: Disabled
 Compressed Oops: Enabled (Zero based)
 Heap Region Size: 2M
 Heap Min Capacity: 8M
 Heap Initial Capacity: 252M
 Heap Max Capacity: 4028M
 Pre-touch: Disabled
 Parallel Workers: 13
 Concurrent Workers: 3
 Concurrent Refinement Workers: 13
 Periodic GC: Disabled
Heap:
 garbage-first heap   total reserved 4124672K, committed 1046528K, used 205656K [0x0000000704400000, 0x0000000800000000)
  region size 2048K, 26 young (53248K), 26 survivors (53248K)
 Metaspace       used 8629K, committed 8832K, reserved 1114112K
  class space    used 731K, committed 832K, reserved 1048576K
GC Heap History (20 events):
Event: 0.434 GC heap after
{Heap after GC invocations=4 (full 0):
 garbage-first heap   total reserved 4124672K, committed 258048K, used 14215K [0x0000000704400000, 0x0000000800000000)
  region size 2048K, 5 young (10240K), 5 survivors (10240K)
 Metaspace       used 8629K, committed 8832K, reserved 1114112K
  class space    used 731K, committed 832K, reserved 1048576K
}
Event: 0.503 GC heap before
{Heap before GC invocations=4 (full 0):
 garbage-first heap   total reserved 4124672K, committed 258048K, used 165767K [0x0000000704400000, 0x0000000800000000)
  region size 2048K, 75 young (153600K), 5 survivors (10240K)
 Metaspace       used 8629K, committed 8832K, reserved 1114112K
  class space    used 731K, committed 832K, reserved 1048576K
}
Event: 0.514 GC heap after
{Heap after GC invocations=5 (full 0):
 garbage-first heap   total reserved 4124672K, committed 258048K, used 26624K [0x0000000704400000, 0x0000000800000000)
  region size 2048K, 7 young (14336K), 7 survivors (14336K)
 Metaspace       used 8629K, committed 8832K, reserved 1114112K
  class space    used 731K, committed 832K, reserved 1048576K
}
Event: 0.576 GC heap before
{Heap before GC invocations=5 (full 0):
 garbage-first heap   total reserved 4124672K, committed 258048K, used 165888K [0x0000000704400000, 0x0000000800000000)
  region size 2048K, 75 young (153600K), 7 survivors (14336K)
 Metaspace       used 8629K, committed 8832K, reserved 1114112K
  class space    used 731K, committed 832K, reserved 1048576K
}
Event: 0.590 GC heap after
{Heap after GC invocations=6 (full 0):
 garbage-first heap   total reserved 4124672K, committed 516096K, used 31183K [0x0000000704400000, 0x0000000800000000)
  region size 2048K, 6 young (12288K), 6 survivors (12288K)
 Metaspace       used 8629K, committed 8832K, reserved 1114112K
  class space    used 731K, committed 832K, reserved 1048576K
}
Event: 0.776 GC heap before
{Heap before GC invocations=6 (full 0):
 garbage-first heap   total reserved 4124672K, committed 516096K, used 336335K [0x0000000704400000, 0x0000000800000000)
  region size 2048K, 151 young (309248K), 6 survivors (12288K)
 Metaspace       used 8629K, committed 8832K, reserved 1114112K
  class space    used 731K, committed 832K, reserved 1048576K
}
Event: 0.793 GC heap after
{Heap after GC invocations=7 (full 0):
 garbage-first heap   total reserved 4124672K, committed 516096K, used 46481K [0x0000000704400000, 0x0000000800000000)
  region size 2048K, 10 young (20480K), 10 survivors (20480K)
 Metaspace       used 8629K, committed 8832K, reserved 1114112K
  class space    used 731K, committed 832K, reserved 1048576K
}
Event: 0.926 GC heap before
{Heap before GC invocations=7 (full 0):
 garbage-first heap   total reserved 4124672K, committed 516096K, used 347537K [0x0000000704400000, 0x0000000800000000)
  region size 2048K, 151 young (309248K), 10 survivors (20480K)
 Metaspace       used 8629K, committed 8832K, reserved 1114112K
  class space    used 731K, committed 832K, reserved 1048576K
}
Event: 0.947 GC heap after
{Heap after GC invocations=8 (full 0):
 garbage-first heap   total reserved 4124672K, committed 516096K, used 66068K [0x0000000704400000, 0x0000000800000000)
  region size 2048K, 13 young (26624K), 13 survivors (26624K)
 Metaspace       used 8629K, committed 8832K, reserved 1114112K
  class space    used 731K, committed 832K, reserved 1048576K
}
Event: 1.075 GC heap before
{Heap before GC invocations=8 (full 0):
 garbage-first heap   total reserved 4124672K, committed 516096K, used 348692K [0x0000000704400000, 0x0000000800000000)
  region size 2048K, 151 young (309248K), 13 survivors (26624K)
 Metaspace       used 8629K, committed 8832K, reserved 1114112K
  class space    used 731K, committed 832K, reserved 1048576K
}
Event: 1.098 GC heap after
{Heap after GC invocations=9 (full 0):
 garbage-first heap   total reserved 4124672K, committed 516096K, used 73192K [0x0000000704400000, 0x0000000800000000)
  region size 2048K, 13 young (26624K), 13 survivors (26624K)
 Metaspace       used 8629K, committed 8832K, reserved 1114112K
  class space    used 731K, committed 832K, reserved 1048576K
}
Event: 1.229 GC heap before
{Heap before GC invocations=9 (full 0):
 garbage-first heap   total reserved 4124672K, committed 516096K, used 372200K [0x0000000704400000, 0x0000000800000000)
  region size 2048K, 151 young (309248K), 13 survivors (26624K)
 Metaspace       used 8629K, committed 8832K, reserved 1114112K
  class space    used 731K, committed 832K, reserved 1048576K
}
Event: 1.465 GC heap after
{Heap after GC invocations=10 (full 0):
 garbage-first heap   total reserved 4124672K, committed 1046528K, used 98248K [0x0000000704400000, 0x0000000800000000)
  region size 2048K, 12 young (24576K), 12 survivors (24576K)
 Metaspace       used 8629K, committed 8832K, reserved 1114112K
  class space    used 731K, committed 832K, reserved 1048576K
}
Event: 1.745 GC heap before
{Heap before GC invocations=10 (full 0):
 garbage-first heap   total reserved 4124672K, committed 1046528K, used 501704K [0x0000000704400000, 0x0000000800000000)
  region size 2048K, 209 young (428032K), 12 survivors (24576K)
 Metaspace       used 8629K, committed 8832K, reserved 1114112K
  class space    used 731K, committed 832K, reserved 1048576K
}
Event: 1.770 GC heap after
{Heap after GC invocations=11 (full 0):
 garbage-first heap   total reserved 4124672K, committed 1046528K, used 108949K [0x0000000704400000, 0x0000000800000000)
  region size 2048K, 17 young (34816K), 17 survivors (34816K)
 Metaspace       used 8629K, committed 8832K, reserved 1114112K
  class space    used 731K, committed 832K, reserved 1048576K
}
Event: 1.960 GC heap before
{Heap before GC invocations=11 (full 0):
 garbage-first heap   total reserved 4124672K, committed 1046528K, used 541077K [0x0000000704400000, 0x0000000800000000)
  region size 2048K, 216 young (442368K), 17 survivors (34816K)
 Metaspace       used 8629K, committed 8832K, reserved 1114112K
  class space    used 731K, committed 832K, reserved 1048576K
}
Event: 1.994 GC heap after
{Heap after GC invocations=12 (full 0):
 garbage-first heap   total reserved 4124672K, committed 1046528K, used 143395K [0x0000000704400000, 0x0000000800000000)
  region size 2048K, 18 young (36864K), 18 survivors (36864K)
 Metaspace       used 8629K, committed 8832K, reserved 1114112K
  class space    used 731K, committed 832K, reserved 1048576K
}
Event: 2.268 GC heap before
{Heap before GC invocations=12 (full 0):
 garbage-first heap   total reserved 4124672K, committed 1046528K, used 733219K [0x0000000704400000, 0x0000000800000000)
  region size 2048K, 306 young (626688K), 18 survivors (36864K)
 Metaspace       used 8629K, committed 8832K, reserved 1114112K
  class space    used 731K, committed 832K, reserved 1048576K
}
Event: 2.304 GC heap after
{Heap after GC invocations=13 (full 0):
 garbage-first heap   total reserved 4124672K, committed 1046528K, used 158723K [0x0000000704400000, 0x0000000800000000)
  region size 2048K, 26 young (53248K), 26 survivors (53248K)
 Metaspace       used 8629K, committed 8832K, reserved 1114112K
  class space    used 731K, committed 832K, reserved 1048576K
}
Event: 2.589 GC heap before
{Heap before GC invocations=13 (full 0):
 garbage-first heap   total reserved 4124672K, committed 1046528K, used 764931K [0x0000000704400000, 0x0000000800000000)
  region size 2048K, 306 young (626688K), 26 survivors (53248K)
 Metaspace       used 8629K, committed 8832K, reserved 1114112K
  class space    used 731K, committed 832K, reserved 1048576K
}

